# JRE version: Java(TM) SE Runtime Environment (8.0_102-b14) (build 1.8.0_102-b14)
# Java VM: Java HotSpot(TM) 64-Bit Server VM (25.102-b14 mixed mode windows-amd64 compressed oops)
Heap:
 garbage-first heap   total 262144K, used 210616K [0x00000000c0000000, 0x00000000c0100800, 0x0000000100000000)
  region size 1024K, 94 young (96256K), 13 survivors (13312K)
 Metaspace       used 91006K, capacity 99244K, committed 99460K, reserved 1134592K
  class space    used 11122K, capacity 13679K, committed 13700K, reserved 1048576K
GC Heap History (10 events):
Event: 2.967 GC heap before
{Heap before GC invocations=5 (full 0):
 garbage-first heap   total 262144K, used 86123K [0x00000000c0000000, 0x00000000c0100800, 0x0000000100000000)
  region size 1024K, 76 young (77824K), 10 survivors (10240K)
 Metaspace       used 33036K, capacity 35990K, committed 36048K, reserved 1081344K
  class space    used 3781K, capacity 4565K, committed 4604K, reserved 1048576K
Event: 2.993 GC heap after
Heap after GC invocations=6 (full 0):
 garbage-first heap   total 262144K, used 31242K [0x00000000c0000000, 0x00000000c0100800, 0x0000000100000000)
  region size 1024K, 20 young (20480K), 20 survivors (20480K)
 Metaspace       used 33036K, capacity 35990K, committed 36048K, reserved 1081344K
  class space    used 3781K, capacity 4565K, committed 4604K, reserved 1048576K
}
Event: 5.656 GC heap before
{Heap before GC invocations=7 (full 0):
 garbage-first heap   total 262144K, used 137738K [0x00000000c0000000, 0x00000000c0100800, 0x0000000100000000)
  region size 1024K, 125 young (128000K), 20 survivors (20480K)
 Metaspace       used 55287K, capacity 61048K, committed 61188K, reserved 1101824K
  class space    used 6780K, capacity 8618K, committed 8708K, reserved 1048576K
Event: 5.707 GC heap after
Heap after GC invocations=8 (full 0):
 garbage-first heap   total 262144K, used 51040K [0x00000000c0000000, 0x00000000c0100800, 0x0000000100000000)
  region size 1024K, 20 young (20480K), 20 survivors (20480K)
 Metaspace       used 55287K, capacity 61048K, committed 61188K, reserved 1101824K
  class space    used 6780K, capacity 8618K, committed 8708K, reserved 1048576K
}
Event: 7.826 GC heap before
{Heap before GC invocations=9 (full 0):
 garbage-first heap   total 262144K, used 168288K [0x00000000c0000000, 0x00000000c0100800, 0x0000000100000000)
  region size 1024K, 134 young (137216K), 20 survivors (20480K)
 Metaspace       used 71899K, capacity 79204K, committed 79492K, reserved 1118208K
  class space    used 9049K, capacity 11342K, committed 11396K, reserved 1048576K
Event: 7.886 GC heap after
Heap after GC invocations=10 (full 0):
 garbage-first heap   total 262144K, used 78336K [0x00000000c0000000, 0x00000000c0100800, 0x0000000100000000)
  region size 1024K, 17 young (17408K), 17 survivors (17408K)
 Metaspace       used 71899K, capacity 79204K, committed 79492K, reserved 1118208K
  class space    used 9049K, capacity 11342K, committed 11396K, reserved 1048576K
}
Event: 10.378 GC heap before
{Heap before GC invocations=10 (full 0):
 garbage-first heap   total 262144K, used 213504K [0x00000000c0000000, 0x00000000c0100800, 0x0000000100000000)
  region size 1024K, 149 young (152576K), 17 survivors (17408K)
 Metaspace       used 84578K, capacity 92778K, committed 92932K, reserved 1128448K
  class space    used 10581K, capacity 13042K, committed 13060K, reserved 1048576K
Event: 10.414 GC heap after
Heap after GC invocations=11 (full 0):
 garbage-first heap   total 262144K, used 92160K [0x00000000c0000000, 0x00000000c0100800, 0x0000000100000000)
  region size 1024K, 19 young (19456K), 19 survivors (19456K)
 Metaspace       used 84578K, capacity 92778K, committed 92932K, reserved 1128448K
  class space    used 10581K, capacity 13042K, committed 13060K, reserved 1048576K
}
Event: 265.551 GC heap before
{Heap before GC invocations=11 (full 0):
 garbage-first heap   total 262144K, used 215040K [0x00000000c0000000, 0x00000000c0100800, 0x0000000100000000)
  region size 1024K, 139 young (142336K), 19 survivors (19456K)
 Metaspace       used 88193K, capacity 96352K, committed 96644K, reserved 1132544K
  class space    used 10879K, capacity 13376K, committed 13444K, reserved 1048576K
Event: 265.592 GC heap after
Heap after GC invocations=12 (full 0):
 garbage-first heap   total 262144K, used 105984K [0x00000000c0000000, 0x00000000c0100800, 0x0000000100000000)
  region size 1024K, 13 young (13312K), 13 survivors (13312K)
 Metaspace       used 88193K, capacity 96352K, committed 96644K, reserved 1132544K
  class space    used 10879K, capacity 13376K, committed 13444K, reserved 1048576K
}

